<?xml version="1.0" encoding="UTF-8"?>
<testng-results ignored="0" total="1" passed="1" failed="0" skipped="0">
  <reporter-output>
  </reporter-output>
  <suite started-at="2025-02-04T18:07:18 IST" name="Default suite" finished-at="2025-02-04T18:07:23 IST" duration-ms="5220">
    <groups>
    </groups>
    <test started-at="2025-02-04T18:07:18 IST" name="Default test" finished-at="2025-02-04T18:07:23 IST" duration-ms="5220">
      <class name="testCases.AccountRegisterTest">
        <test-method is-config="true" signature="setup()[pri:0, instance:testCases.AccountRegisterTest@6221a451]" started-at="2025-02-04T18:07:18 IST" name="setup" finished-at="2025-02-04T18:07:21 IST" duration-ms="3607" status="PASS">
          <reporter-output>
          </reporter-output>
        </test-method> <!-- setup -->
        <test-method signature="registered()[pri:0, instance:testCases.AccountRegisterTest@6221a451]" started-at="2025-02-04T18:07:21 IST" name="registered" finished-at="2025-02-04T18:07:23 IST" duration-ms="1425" status="PASS">
          <reporter-output>
          </reporter-output>
        </test-method> <!-- registered -->
        <test-method is-config="true" signature="teardown()[pri:0, instance:testCases.AccountRegisterTest@6221a451]" started-at="2025-02-04T18:07:23 IST" name="teardown" finished-at="2025-02-04T18:07:23 IST" duration-ms="154" status="PASS">
          <reporter-output>
          </reporter-output>
        </test-method> <!-- teardown -->
      </class> <!-- testCases.AccountRegisterTest -->
    </test> <!-- Default test -->
  </suite> <!-- Default suite -->
</testng-results>
